[18.03.2023 01:51:50 ] [INFO] [GUI] [<module>: 16] => Приложение запущено
[18.03.2023 01:51:51 ] [INFO] [GUI] [click_button_new: 394] => нажали кнопку добавить контакт
[18.03.2023 01:51:52 ] [INFO] [GUI] [click_3: 193] => удаление аут и лбокс
[18.03.2023 01:51:52 ] [INFO] [GUI] [click_3: 202] => удаление лбокс
[18.03.2023 01:51:52 ] [INFO] [GUI] [click_3: 207] => удаление лбокс2
[18.03.2023 01:51:52 ] [INFO] [GUI] [click_3: 212] => удаление аут
[18.03.2023 01:51:52 ] [INFO] [GUI] [click_button_new: 394] => нажали кнопку добавить контакт
[18.03.2023 01:51:53 ] [INFO] [GUI] [click_3: 193] => удаление аут и лбокс
[18.03.2023 01:51:53 ] [INFO] [GUI] [click_3: 202] => удаление лбокс
[18.03.2023 01:51:53 ] [INFO] [GUI] [click_3: 207] => удаление лбокс2
[18.03.2023 01:51:53 ] [INFO] [GUI] [click_3: 212] => удаление аут
[18.03.2023 01:51:53 ] [INFO] [GUI] [click_button_new: 394] => нажали кнопку добавить контакт
[18.03.2023 01:51:55 ] [INFO] [GUI] [click_button_del: 410] => нажали кнопку удалить контакт
[18.03.2023 01:51:56 ] [INFO] [GUI] [click_button_search: 419] => нажали кнопку поиск контакта
[18.03.2023 01:51:58 ] [INFO] [GUI] [click_button_del: 410] => нажали кнопку удалить контакт
[18.03.2023 01:51:59 ] [INFO] [GUI] [click_button_search: 419] => нажали кнопку поиск контакта
[18.03.2023 01:52:00 ] [INFO] [GUI] [click_button_copy: 429] => нажали кнопку поиск контакта
[18.03.2023 01:52:01 ] [INFO] [GUI] [click_button_search: 419] => нажали кнопку поиск контакта
[18.03.2023 01:52:02 ] [INFO] [GUI] [click_button_del: 410] => нажали кнопку удалить контакт
[18.03.2023 01:52:02 ] [INFO] [GUI] [click_button_new: 394] => нажали кнопку добавить контакт
[18.03.2023 01:52:02 ] [INFO] [GUI] [click_3: 193] => удаление аут и лбокс
[18.03.2023 01:52:02 ] [INFO] [GUI] [click_3: 202] => удаление лбокс
[18.03.2023 01:52:02 ] [INFO] [GUI] [click_3: 207] => удаление лбокс2
[18.03.2023 01:52:02 ] [INFO] [GUI] [click_3: 212] => удаление аут
[18.03.2023 01:52:03 ] [INFO] [GUI] [click_button_new: 394] => нажали кнопку добавить контакт
[18.03.2023 01:52:03 ] [INFO] [GUI] [click_button_new: 394] => нажали кнопку добавить контакт
[18.03.2023 01:52:04 ] [INFO] [GUI] [click_3: 193] => удаление аут и лбокс
[18.03.2023 01:52:04 ] [INFO] [GUI] [click_3: 202] => удаление лбокс
[18.03.2023 01:52:04 ] [INFO] [GUI] [click_3: 207] => удаление лбокс2
[18.03.2023 01:52:04 ] [INFO] [GUI] [click_3: 212] => удаление аут
[18.03.2023 01:52:04 ] [INFO] [GUI] [click_button_new: 394] => нажали кнопку добавить контакт
[18.03.2023 01:52:05 ] [INFO] [GUI] [click_button_del: 410] => нажали кнопку удалить контакт
[18.03.2023 01:52:05 ] [INFO] [GUI] [click_button_search: 419] => нажали кнопку поиск контакта
[18.03.2023 01:52:06 ] [INFO] [GUI] [click_button_copy: 429] => нажали кнопку поиск контакта
[18.03.2023 01:52:07 ] [INFO] [GUI] [click_11: 347] => Закрытие приложения
